# JRE version: OpenJDK Runtime Environment (17.0.6) (build 17.0.6+0-b2043.56-10027231)
# Java VM: OpenJDK 64-Bit Server VM (17.0.6+0-b2043.56-10027231, mixed mode, tiered, compressed oops, compressed class ptrs, g1 gc, windows-amd64)
GC Precious Log:
 CPUs: 8 total, 8 available
 Memory: 16281M
 Large Page Support: Disabled
 NUMA Support: Disabled
 Compressed Oops: Enabled (32-bit)
 Heap Region Size: 1M
 Heap Min Capacity: 8M
 Heap Initial Capacity: 256M
 Heap Max Capacity: 2G
 Pre-touch: Disabled
 Parallel Workers: 8
 Concurrent Workers: 2
 Concurrent Refinement Workers: 8
 Periodic GC: Disabled
Heap:
 garbage-first heap   total 375808K, used 158785K [0x0000000080000000, 0x0000000100000000)
  region size 1024K, 2 young (2048K), 2 survivors (2048K)
 Metaspace       used 145394K, committed 147520K, reserved 1179648K
  class space    used 18964K, committed 20032K, reserved 1048576K
GC Heap History (20 events):
Event: 7950.333 GC heap after
{Heap after GC invocations=90 (full 2):
 garbage-first heap   total 375808K, used 145376K [0x0000000080000000, 0x0000000100000000)
  region size 1024K, 2 young (2048K), 2 survivors (2048K)
 Metaspace       used 145144K, committed 147328K, reserved 1179648K
  class space    used 18964K, committed 20032K, reserved 1048576K
}
Event: 7950.338 GC heap before
{Heap before GC invocations=90 (full 2):
 garbage-first heap   total 375808K, used 149472K [0x0000000080000000, 0x0000000100000000)
  region size 1024K, 3 young (3072K), 2 survivors (2048K)
 Metaspace       used 145144K, committed 147328K, reserved 1179648K
  class space    used 18964K, committed 20032K, reserved 1048576K
}
Event: 7950.340 GC heap after
{Heap after GC invocations=91 (full 2):
 garbage-first heap   total 375808K, used 149094K [0x0000000080000000, 0x0000000100000000)
  region size 1024K, 1 young (1024K), 1 survivors (1024K)
 Metaspace       used 145144K, committed 147328K, reserved 1179648K
  class space    used 18964K, committed 20032K, reserved 1048576K
}
Event: 8056.127 GC heap before
{Heap before GC invocations=92 (full 2):
 garbage-first heap   total 375808K, used 312859K [0x0000000080000000, 0x0000000100000000)
  region size 1024K, 156 young (159744K), 1 survivors (1024K)
 Metaspace       used 145195K, committed 147328K, reserved 1179648K
  class space    used 18964K, committed 20032K, reserved 1048576K
}
Event: 8056.142 GC heap after
{Heap after GC invocations=93 (full 2):
 garbage-first heap   total 375808K, used 143176K [0x0000000080000000, 0x0000000100000000)
  region size 1024K, 14 young (14336K), 14 survivors (14336K)
 Metaspace       used 145195K, committed 147328K, reserved 1179648K
  class space    used 18964K, committed 20032K, reserved 1048576K
}
Event: 8056.188 GC heap before
{Heap before GC invocations=93 (full 2):
 garbage-first heap   total 375808K, used 147272K [0x0000000080000000, 0x0000000100000000)
  region size 1024K, 18 young (18432K), 14 survivors (14336K)
 Metaspace       used 145206K, committed 147328K, reserved 1179648K
  class space    used 18964K, committed 20032K, reserved 1048576K
}
Event: 8056.199 GC heap after
{Heap after GC invocations=94 (full 2):
 garbage-first heap   total 375808K, used 144106K [0x0000000080000000, 0x0000000100000000)
  region size 1024K, 2 young (2048K), 2 survivors (2048K)
 Metaspace       used 145206K, committed 147328K, reserved 1179648K
  class space    used 18964K, committed 20032K, reserved 1048576K
}
Event: 8056.389 GC heap before
{Heap before GC invocations=94 (full 2):
 garbage-first heap   total 375808K, used 160490K [0x0000000080000000, 0x0000000100000000)
  region size 1024K, 20 young (20480K), 2 survivors (2048K)
 Metaspace       used 145215K, committed 147328K, reserved 1179648K
  class space    used 18964K, committed 20032K, reserved 1048576K
}
Event: 8056.392 GC heap after
{Heap after GC invocations=95 (full 2):
 garbage-first heap   total 375808K, used 143865K [0x0000000080000000, 0x0000000100000000)
  region size 1024K, 2 young (2048K), 2 survivors (2048K)
 Metaspace       used 145215K, committed 147328K, reserved 1179648K
  class space    used 18964K, committed 20032K, reserved 1048576K
}
Event: 8252.833 GC heap before
{Heap before GC invocations=96 (full 2):
 garbage-first heap   total 375808K, used 326137K [0x0000000080000000, 0x0000000100000000)
  region size 1024K, 158 young (161792K), 2 survivors (2048K)
 Metaspace       used 145330K, committed 147456K, reserved 1179648K
  class space    used 18964K, committed 20032K, reserved 1048576K
}
Event: 8252.850 GC heap after
{Heap after GC invocations=97 (full 2):
 garbage-first heap   total 375808K, used 154620K [0x0000000080000000, 0x0000000100000000)
  region size 1024K, 13 young (13312K), 13 survivors (13312K)
 Metaspace       used 145330K, committed 147456K, reserved 1179648K
  class space    used 18964K, committed 20032K, reserved 1048576K
}
Event: 8252.915 GC heap before
{Heap before GC invocations=97 (full 2):
 garbage-first heap   total 375808K, used 159740K [0x0000000080000000, 0x0000000100000000)
  region size 1024K, 18 young (18432K), 13 survivors (13312K)
 Metaspace       used 145331K, committed 147456K, reserved 1179648K
  class space    used 18964K, committed 20032K, reserved 1048576K
}
Event: 8252.930 GC heap after
{Heap after GC invocations=98 (full 2):
 garbage-first heap   total 375808K, used 152881K [0x0000000080000000, 0x0000000100000000)
  region size 1024K, 1 young (1024K), 1 survivors (1024K)
 Metaspace       used 145331K, committed 147456K, reserved 1179648K
  class space    used 18964K, committed 20032K, reserved 1048576K
}
Event: 8253.088 GC heap before
{Heap before GC invocations=98 (full 2):
 garbage-first heap   total 375808K, used 163121K [0x0000000080000000, 0x0000000100000000)
  region size 1024K, 12 young (12288K), 1 survivors (1024K)
 Metaspace       used 145332K, committed 147456K, reserved 1179648K
  class space    used 18964K, committed 20032K, reserved 1048576K
}
Event: 8253.091 GC heap after
{Heap after GC invocations=99 (full 2):
 garbage-first heap   total 375808K, used 153377K [0x0000000080000000, 0x0000000100000000)
  region size 1024K, 1 young (1024K), 1 survivors (1024K)
 Metaspace       used 145332K, committed 147456K, reserved 1179648K
  class space    used 18964K, committed 20032K, reserved 1048576K
}
Event: 8467.530 GC heap before
{Heap before GC invocations=100 (full 2):
 garbage-first heap   total 375808K, used 330529K [0x0000000080000000, 0x0000000100000000)
  region size 1024K, 153 young (156672K), 1 survivors (1024K)
 Metaspace       used 145378K, committed 147520K, reserved 1179648K
  class space    used 18964K, committed 20032K, reserved 1048576K
}
Event: 8467.543 GC heap after
{Heap after GC invocations=101 (full 2):
 garbage-first heap   total 375808K, used 163631K [0x0000000080000000, 0x0000000100000000)
  region size 1024K, 13 young (13312K), 13 survivors (13312K)
 Metaspace       used 145378K, committed 147520K, reserved 1179648K
  class space    used 18964K, committed 20032K, reserved 1048576K
}
Event: 8467.565 GC heap before
{Heap before GC invocations=101 (full 2):
 garbage-first heap   total 375808K, used 168751K [0x0000000080000000, 0x0000000100000000)
  region size 1024K, 18 young (18432K), 13 survivors (13312K)
 Metaspace       used 145381K, committed 147520K, reserved 1179648K
  class space    used 18964K, committed 20032K, reserved 1048576K
}
Event: 8467.577 GC heap after
{Heap after GC invocations=102 (full 2):
 garbage-first heap   total 375808K, used 158191K [0x0000000080000000, 0x0000000100000000)
  region size 1024K, 1 young (1024K), 1 survivors (1024K)
 Metaspace       used 145381K, committed 147520K, reserved 1179648K
  class space    used 18964K, committed 20032K, reserved 1048576K
}
Event: 8467.816 GC heap before
{Heap before GC invocations=102 (full 2):
 garbage-first heap   total 375808K, used 180719K [0x0000000080000000, 0x0000000100000000)
  region size 1024K, 25 young (25600K), 1 survivors (1024K)
 Metaspace       used 145394K, committed 147520K, reserved 1179648K
  class space    used 18964K, committed 20032K, reserved 1048576K
}

